<?xml version="1.0" encoding="UTF-8"?>
<testng-results skipped="0" failed="0" ignored="0" total="1" passed="1">
  <reporter-output>
  </reporter-output>
  <suite name="Default suite" duration-ms="10592" started-at="2022-08-10T10:52:44Z" finished-at="2022-08-10T10:52:54Z">
    <groups>
      <group name="cucumber">
        <method signature="TestRunner.feature(cucumber.api.testng.CucumberFeatureWrapper)[pri:0, instance:TestRunner.TestRunner@12f41634]" name="feature" class="TestRunner.TestRunner"/>
      </group> <!-- cucumber -->
    </groups>
    <test name="Default test" duration-ms="10592" started-at="2022-08-10T10:52:44Z" finished-at="2022-08-10T10:52:54Z">
      <class name="TestRunner.TestRunner">
        <test-method status="PASS" signature="setUpClass()[pri:0, instance:TestRunner.TestRunner@12f41634]" name="setUpClass" is-config="true" duration-ms="725" started-at="2022-08-10T10:52:44Z" finished-at="2022-08-10T10:52:44Z">
          <reporter-output>
          </reporter-output>
        </test-method> <!-- setUpClass -->
        <test-method status="PASS" signature="feature(cucumber.api.testng.CucumberFeatureWrapper)[pri:0, instance:TestRunner.TestRunner@12f41634]" name="feature" duration-ms="9599" started-at="2022-08-10T10:52:44Z" description="Runs Cucumber Feature" data-provider="features" finished-at="2022-08-10T10:52:54Z">
          <params>
            <param index="0">
              <value>
                <![CDATA[Login]]>
              </value>
            </param>
          </params>
          <reporter-output>
          </reporter-output>
        </test-method> <!-- feature -->
        <test-method status="PASS" signature="tearDownClass()[pri:0, instance:TestRunner.TestRunner@12f41634]" name="tearDownClass" is-config="true" duration-ms="65" started-at="2022-08-10T10:52:54Z" finished-at="2022-08-10T10:52:54Z">
          <reporter-output>
          </reporter-output>
        </test-method> <!-- tearDownClass -->
      </class> <!-- TestRunner.TestRunner -->
    </test> <!-- Default test -->
  </suite> <!-- Default suite -->
</testng-results>
