<?xml version="1.0" encoding="UTF-8"?>
<testng-results skipped="0" failed="0" ignored="0" total="1" passed="1">
  <reporter-output>
  </reporter-output>
  <suite name="Suite" duration-ms="21291" started-at="2022-08-10T16:36:35 IST" finished-at="2022-08-10T16:36:56 IST">
    <groups>
      <group name="cucumber">
        <method signature="TestRunner.feature(cucumber.api.testng.CucumberFeatureWrapper)[pri:0, instance:TestRunner.TestRunner@4eb7f003]" name="feature" class="TestRunner.TestRunner"/>
      </group> <!-- cucumber -->
    </groups>
    <test name="Test" duration-ms="21291" started-at="2022-08-10T16:36:35 IST" finished-at="2022-08-10T16:36:56 IST">
      <class name="TestRunner.TestRunner">
        <test-method status="PASS" signature="setUpClass()[pri:0, instance:TestRunner.TestRunner@4eb7f003]" name="setUpClass" is-config="true" duration-ms="987" started-at="2022-08-10T16:36:35 IST" finished-at="2022-08-10T16:36:36 IST">
          <reporter-output>
          </reporter-output>
        </test-method> <!-- setUpClass -->
        <test-method status="PASS" signature="feature(cucumber.api.testng.CucumberFeatureWrapper)[pri:0, instance:TestRunner.TestRunner@4eb7f003]" name="feature" duration-ms="19900" started-at="2022-08-10T16:36:36 IST" description="Runs Cucumber Feature" data-provider="features" finished-at="2022-08-10T16:36:56 IST">
          <params>
            <param index="0">
              <value>
                <![CDATA[Login]]>
              </value>
            </param>
          </params>
          <reporter-output>
          </reporter-output>
        </test-method> <!-- feature -->
        <test-method status="PASS" signature="tearDownClass()[pri:0, instance:TestRunner.TestRunner@4eb7f003]" name="tearDownClass" is-config="true" duration-ms="72" started-at="2022-08-10T16:36:56 IST" finished-at="2022-08-10T16:36:56 IST">
          <reporter-output>
          </reporter-output>
        </test-method> <!-- tearDownClass -->
      </class> <!-- TestRunner.TestRunner -->
    </test> <!-- Test -->
  </suite> <!-- Suite -->
</testng-results>
